<?xml version="1.0" encoding="UTF-8"?>
<testng-results skipped="0" failed="0" ignored="0" total="1" passed="1">
  <reporter-output>
  </reporter-output>
  <suite name="Web Suite" duration-ms="40144" started-at="2019-11-18T12:11:42Z" finished-at="2019-11-18T12:12:22Z">
    <groups>
    </groups>
    <test name="Web Tests" duration-ms="40144" started-at="2019-11-18T12:11:42Z" finished-at="2019-11-18T12:12:22Z">
      <class name="tests.RegressionTestSuite.TC_Regression_001_Phase_1">
        <test-method status="PASS" signature="beforeSuite()[pri:0, instance:tests.RegressionTestSuite.TC_Regression_001_Phase_1@21213b92]" name="beforeSuite" is-config="true" duration-ms="184" started-at="2019-11-18T12:11:42Z" finished-at="2019-11-18T12:11:42Z">
          <reporter-output>
          </reporter-output>
        </test-method> <!-- beforeSuite -->
        <test-method status="PASS" signature="beforeClass()[pri:0, instance:tests.RegressionTestSuite.TC_Regression_001_Phase_1@21213b92]" name="beforeClass" is-config="true" duration-ms="1" started-at="2019-11-18T12:11:42Z" finished-at="2019-11-18T12:11:42Z">
          <reporter-output>
          </reporter-output>
        </test-method> <!-- beforeClass -->
        <test-method status="PASS" signature="beforeMethod(java.lang.reflect.Method)[pri:0, instance:tests.RegressionTestSuite.TC_Regression_001_Phase_1@21213b92]" name="beforeMethod" is-config="true" duration-ms="5966" started-at="2019-11-18T12:11:42Z" finished-at="2019-11-18T12:11:48Z">
          <params>
            <param index="0">
              <value>
                <![CDATA[public void tests.RegressionTestSuite.TC_Regression_001_Phase_1.TC_Regression_001_Phase_1() throws java.lang.Exception]]>
              </value>
            </param>
          </params>
          <reporter-output>
          </reporter-output>
        </test-method> <!-- beforeMethod -->
        <test-method status="PASS" signature="TC_Regression_001_Phase_1()[pri:0, instance:tests.RegressionTestSuite.TC_Regression_001_Phase_1@21213b92]" name="TC_Regression_001_Phase_1" duration-ms="34144" started-at="2019-11-18T12:11:48Z" finished-at="2019-11-18T12:12:22Z">
          <reporter-output>
          </reporter-output>
        </test-method> <!-- TC_Regression_001_Phase_1 -->
        <test-method status="PASS" signature="tearDown(org.testng.ITestResult)[pri:0, instance:tests.RegressionTestSuite.TC_Regression_001_Phase_1@21213b92]" name="tearDown" is-config="true" duration-ms="1" started-at="2019-11-18T12:12:22Z" finished-at="2019-11-18T12:12:22Z">
          <params>
            <param index="0">
              <value>
                <![CDATA[[TestResult name=TC_Regression_001_Phase_1 status=SUCCESS method=TC_Regression_001_Phase_1.TC_Regression_001_Phase_1()[pri:0, instance:tests.RegressionTestSuite.TC_Regression_001_Phase_1@21213b92] output={null}]]]>
              </value>
            </param>
          </params>
          <reporter-output>
          </reporter-output>
        </test-method> <!-- tearDown -->
        <test-method status="PASS" signature="afterClass()[pri:0, instance:tests.RegressionTestSuite.TC_Regression_001_Phase_1@21213b92]" name="afterClass" is-config="true" duration-ms="1" started-at="2019-11-18T12:12:22Z" finished-at="2019-11-18T12:12:22Z">
          <reporter-output>
          </reporter-output>
        </test-method> <!-- afterClass -->
        <test-method status="PASS" signature="afterSuite()[pri:0, instance:tests.RegressionTestSuite.TC_Regression_001_Phase_1@21213b92]" name="afterSuite" is-config="true" duration-ms="332" started-at="2019-11-18T12:12:22Z" finished-at="2019-11-18T12:12:22Z">
          <reporter-output>
          </reporter-output>
        </test-method> <!-- afterSuite -->
      </class> <!-- tests.RegressionTestSuite.TC_Regression_001_Phase_1 -->
    </test> <!-- Web Tests -->
  </suite> <!-- Web Suite -->
</testng-results>
